<?xml version="1.0" encoding="UTF-8"?>
<!-- Generated by org.testng.reporters.JUnitXMLReporter -->
<testsuite hostname="Mccandless-Mac.local" ignored="4" name="Test" tests="4" failures="0" timestamp="2023-04-16T10:39:30 IST" time="0.142" errors="0">
  <testcase name="test3" time="0.01" classname="testcases.CarLoanTest"/>
  <testcase name="test2" time="0.004" classname="testcases.HomeLoanTest"/>
  <testcase name="test1" time="0.001" classname="testcases.HomeLoanTest"/>
  <testcase name="test4" time="0.004" classname="testcases.CreditCardTest"/>
  <testcase name="@AfterTest method4" time="0.0" classname="testcases.BaseClass">
    <ignored/>
  </testcase> <!-- @AfterTest method4 -->
  <testcase name="@AfterTest method4" time="0.0" classname="testcases.BaseClass">
    <ignored/>
  </testcase> <!-- @AfterTest method4 -->
  <testcase name="@BeforeTest method3" time="0.0" classname="testcases.BaseClass">
    <ignored/>
  </testcase> <!-- @BeforeTest method3 -->
  <testcase name="@BeforeTest method3" time="0.0" classname="testcases.BaseClass">
    <ignored/>
  </testcase> <!-- @BeforeTest method3 -->
</testsuite> <!-- Test -->
