<?xml version="1.0" encoding="UTF-8"?>
<testng-results skipped="0" failed="0" ignored="4" total="8" passed="4">
  <reporter-output>
  </reporter-output>
  <suite name="Suite" duration-ms="66" started-at="2023-04-16T05:33:09Z" finished-at="2023-04-16T05:33:09Z">
    <groups>
      <group name="regression">
        <method signature="HomeLoanTest.test2()[pri:0, instance:testcases.HomeLoanTest@17776a8]" name="test2" class="testcases.HomeLoanTest"/>
      </group> <!-- regression -->
      <group name="sanity">
        <method signature="CreditCardTest.test4()[pri:0, instance:testcases.CreditCardTest@69a10787]" name="test4" class="testcases.CreditCardTest"/>
        <method signature="HomeLoanTest.test2()[pri:0, instance:testcases.HomeLoanTest@17776a8]" name="test2" class="testcases.HomeLoanTest"/>
      </group> <!-- sanity -->
    </groups>
    <test name="Test" duration-ms="66" started-at="2023-04-16T05:33:09Z" finished-at="2023-04-16T05:33:09Z">
      <class name="testcases.CarLoanTest">
        <test-method status="PASS" signature="method3()[pri:0, instance:testcases.CarLoanTest@12028586]" name="method3" is-config="true" duration-ms="20" started-at="2023-04-16T05:33:09Z" finished-at="2023-04-16T05:33:09Z">
          <reporter-output>
          </reporter-output>
        </test-method> <!-- method3 -->
        <test-method status="PASS" signature="method1()[pri:0, instance:testcases.CarLoanTest@12028586]" name="method1" is-config="true" duration-ms="1" started-at="2023-04-16T05:33:09Z" finished-at="2023-04-16T05:33:09Z">
          <reporter-output>
          </reporter-output>
        </test-method> <!-- method1 -->
        <test-method status="PASS" signature="test3()[pri:0, instance:testcases.CarLoanTest@12028586]" name="test3" duration-ms="2" started-at="2023-04-16T05:33:09Z" finished-at="2023-04-16T05:33:09Z">
          <reporter-output>
          </reporter-output>
        </test-method> <!-- test3 -->
        <test-method status="PASS" signature="method2()[pri:0, instance:testcases.CarLoanTest@12028586]" name="method2" is-config="true" duration-ms="0" started-at="2023-04-16T05:33:09Z" finished-at="2023-04-16T05:33:09Z">
          <reporter-output>
          </reporter-output>
        </test-method> <!-- method2 -->
        <test-method status="PASS" signature="method4()[pri:0, instance:testcases.CarLoanTest@12028586]" name="method4" is-config="true" duration-ms="0" started-at="2023-04-16T05:33:09Z" finished-at="2023-04-16T05:33:09Z">
          <reporter-output>
          </reporter-output>
        </test-method> <!-- method4 -->
      </class> <!-- testcases.CarLoanTest -->
      <class name="testcases.CreditCardTest">
        <test-method status="PASS" signature="method1()[pri:0, instance:testcases.CreditCardTest@69a10787]" name="method1" is-config="true" duration-ms="1" started-at="2023-04-16T05:33:09Z" finished-at="2023-04-16T05:33:09Z">
          <reporter-output>
          </reporter-output>
        </test-method> <!-- method1 -->
        <test-method status="PASS" signature="test4()[pri:0, instance:testcases.CreditCardTest@69a10787]" name="test4" duration-ms="1" started-at="2023-04-16T05:33:09Z" finished-at="2023-04-16T05:33:09Z">
          <reporter-output>
          </reporter-output>
        </test-method> <!-- test4 -->
        <test-method status="PASS" signature="method2()[pri:0, instance:testcases.CreditCardTest@69a10787]" name="method2" is-config="true" duration-ms="1" started-at="2023-04-16T05:33:09Z" finished-at="2023-04-16T05:33:09Z">
          <reporter-output>
          </reporter-output>
        </test-method> <!-- method2 -->
      </class> <!-- testcases.CreditCardTest -->
      <class name="testcases.HomeLoanTest">
        <test-method status="PASS" signature="method1()[pri:0, instance:testcases.HomeLoanTest@17776a8]" name="method1" is-config="true" duration-ms="1" started-at="2023-04-16T05:33:09Z" finished-at="2023-04-16T05:33:09Z">
          <reporter-output>
          </reporter-output>
        </test-method> <!-- method1 -->
        <test-method status="PASS" signature="test2()[pri:0, instance:testcases.HomeLoanTest@17776a8]" name="test2" duration-ms="0" started-at="2023-04-16T05:33:09Z" finished-at="2023-04-16T05:33:09Z">
          <reporter-output>
          </reporter-output>
        </test-method> <!-- test2 -->
        <test-method status="PASS" signature="method2()[pri:0, instance:testcases.HomeLoanTest@17776a8]" name="method2" is-config="true" duration-ms="1" started-at="2023-04-16T05:33:09Z" finished-at="2023-04-16T05:33:09Z">
          <reporter-output>
          </reporter-output>
        </test-method> <!-- method2 -->
        <test-method status="PASS" signature="method1()[pri:0, instance:testcases.HomeLoanTest@17776a8]" name="method1" is-config="true" duration-ms="0" started-at="2023-04-16T05:33:09Z" finished-at="2023-04-16T05:33:09Z">
          <reporter-output>
          </reporter-output>
        </test-method> <!-- method1 -->
        <test-method status="PASS" signature="test1()[pri:0, instance:testcases.HomeLoanTest@17776a8]" name="test1" duration-ms="0" started-at="2023-04-16T05:33:09Z" depends-on-methods="testcases.HomeLoanTest.test2" finished-at="2023-04-16T05:33:09Z">
          <reporter-output>
          </reporter-output>
        </test-method> <!-- test1 -->
        <test-method status="PASS" signature="method2()[pri:0, instance:testcases.HomeLoanTest@17776a8]" name="method2" is-config="true" duration-ms="0" started-at="2023-04-16T05:33:09Z" finished-at="2023-04-16T05:33:09Z">
          <reporter-output>
          </reporter-output>
        </test-method> <!-- method2 -->
      </class> <!-- testcases.HomeLoanTest -->
    </test> <!-- Test -->
  </suite> <!-- Suite -->
</testng-results>
